<?xml version="1.0" encoding="UTF-8"?>
<testsuite xmlns:xsi="http://www.w3.org/2001/XMLSchema-instance" xsi:noNamespaceSchemaLocation="https://maven.apache.org/surefire/maven-surefire-plugin/xsd/surefire-test-report.xsd" name="com.ipartek.formacion.maven.ejemploconsola.AppTest" time="0.068" tests="3" errors="0" skipped="0" failures="0">
  <properties>
[...]
</properties>
  <testcase name="sumar5mas3" classname="com.ipartek.formacion.maven.ejemploconsola.AppTest" time="0.005"/>
  <testcase name="shouldAnswerWithTrue" classname="com.ipartek.formacion.maven.ejemploconsola.AppTest" time="0"/>
  <testcase name="restar5menos2" classname="com.ipartek.formacion.maven.ejemploconsola.AppTest" time="0"/>
</testsuite>